Построение начато 29.11.2013 0:37:55.
     1>Проект "C:\Users\Kit_EA\Documents\Visual Studio 2010\Projects\RingOneLinked\RingOneLinked\RingOneLinked.vcxproj" в узле 2 (целевые объекты build).
     1>InitializeBuildStatus:
         Создание "Debug\RingOneLinked.unsuccessfulbuild", так как было задано "AlwaysCreate".
       ClCompile:
         Для всех выходных данных обновления не требуется.
         C:\Program Files (x86)\Microsoft Visual Studio 10.0\VC\bin\CL.exe /c /ZI /nologo /W3 /WX- /Od /Oy- /D WIN32 /D _DEBUG /D _CONSOLE /D _UNICODE /D UNICODE /Gm /EHsc /RTC1 /MDd /GS /fp:precise /Zc:wchar_t /Zc:forScope /Yu"StdAfx.h" /Fp"Debug\RingOneLinked.pch" /Fo"Debug\\" /Fd"Debug\vc100.pdb" /Gd /TP /analyze- /errorReport:prompt RingOneLinked.cpp
         RingOneLinked.cpp
       ManifestResourceCompile:
         Для всех выходных данных обновления не требуется.
       Link:
         C:\Program Files (x86)\Microsoft Visual Studio 10.0\VC\bin\link.exe /ERRORREPORT:PROMPT /OUT:"C:\Users\Kit_EA\Documents\Visual Studio 2010\Projects\RingOneLinked\Debug\RingOneLinked.exe" /INCREMENTAL /NOLOGO kernel32.lib user32.lib gdi32.lib winspool.lib comdlg32.lib advapi32.lib shell32.lib ole32.lib oleaut32.lib uuid.lib odbc32.lib odbccp32.lib /MANIFEST /ManifestFile:"Debug\RingOneLinked.exe.intermediate.manifest" /MANIFESTUAC:"level='asInvoker' uiAccess='false'" /DEBUG /PDB:"C:\Users\Kit_EA\Documents\Visual Studio 2010\Projects\RingOneLinked\Debug\RingOneLinked.pdb" /SUBSYSTEM:CONSOLE /TLBID:1 /DYNAMICBASE /NXCOMPAT /IMPLIB:"C:\Users\Kit_EA\Documents\Visual Studio 2010\Projects\RingOneLinked\Debug\RingOneLinked.lib" /MACHINE:X86 Debug\RingOneLinked.exe.embed.manifest.res
         Debug\RingOneLinked.obj
         Debug\stdafx.obj
       Manifest:
         C:\Program Files (x86)\Microsoft SDKs\Windows\v7.0A\bin\mt.exe /nologo /verbose /out:"Debug\RingOneLinked.exe.embed.manifest" /manifest Debug\RingOneLinked.exe.intermediate.manifest
         Для всех выходных данных обновления не требуется.
       LinkEmbedManifest:
         Для всех выходных данных обновления не требуется.
         RingOneLinked.vcxproj -> C:\Users\Kit_EA\Documents\Visual Studio 2010\Projects\RingOneLinked\Debug\RingOneLinked.exe
       FinalizeBuildStatus:
         Файл "Debug\RingOneLinked.unsuccessfulbuild" удаляется.
         Обращение к "Debug\RingOneLinked.lastbuildstate".
     1>Построение проекта "C:\Users\Kit_EA\Documents\Visual Studio 2010\Projects\RingOneLinked\RingOneLinked\RingOneLinked.vcxproj" завершено (целевые объекты build).

Построение успешно завершено.

Затраченное время: 00:00:02.24
